=== Phi-4-mini-instruct: Skill Prediction Evaluation ===
Node: node3802
GPUs: NVIDIA RTX A6000, 49140 MiB
NVIDIA RTX A6000, 49140 MiB
Date: Sun Apr  5 17:30:46 EDT 2026

=== Step 1: Evaluating on IW ===
============================================================
Model: microsoft/Phi-4-mini-instruct
Dataset: IW (Fabricated)
Max conversations: 50
============================================================
Loading tokenizer for microsoft/Phi-4-mini-instruct...
A new version of the following files was downloaded from https://huggingface.co/microsoft/Phi-4-mini-instruct:
- configuration_phi3.py
. Make sure to double-check they do not contain any added malicious code. To avoid downloading new versions of the code file, you can pin a revision.
This model config has set a `rope_parameters['original_max_position_embeddings']` field, to be used together with `max_position_embeddings` to determine a scaling factor. Please set the `factor` field of `rope_parameters`with this ratio instead -- we recommend the use of this field over `original_max_position_embeddings`, as it is compatible with most model architectures.
Loading model (4-bit): microsoft/Phi-4-mini-instruct...
`torch_dtype` is deprecated! Use `dtype` instead!
A new version of the following files was downloaded from https://huggingface.co/microsoft/Phi-4-mini-instruct:
- modeling_phi3.py
. Make sure to double-check they do not contain any added malicious code. To avoid downloading new versions of the code file, you can pin a revision.
Traceback (most recent call last):
  File "<frozen runpy>", line 198, in _run_module_as_main
  File "<frozen runpy>", line 88, in _run_code
  File "/orcd/home/002/yuexing/CUA2026/interaskill/eval_model.py", line 359, in <module>
    main()
    ~~~~^^
  File "/orcd/home/002/yuexing/CUA2026/interaskill/eval_model.py", line 213, in main
    model, tokenizer = load_model_and_tokenizer(args.model, args.adapter)
                       ~~~~~~~~~~~~~~~~~~~~~~~~^^^^^^^^^^^^^^^^^^^^^^^^^^
  File "/orcd/home/002/yuexing/CUA2026/interaskill/eval_model.py", line 80, in load_model_and_tokenizer
    model = AutoModelForCausalLM.from_pretrained(
        model_name,
    ...<3 lines>...
        torch_dtype=torch.bfloat16,
    )
  File "/home/yuexing/miniconda/lib/python3.13/site-packages/transformers/models/auto/auto_factory.py", line 369, in from_pretrained
    model_class = get_class_from_dynamic_module(
        class_ref, pretrained_model_name_or_path, code_revision=code_revision, **hub_kwargs, **kwargs
    )
  File "/home/yuexing/miniconda/lib/python3.13/site-packages/transformers/dynamic_module_utils.py", line 583, in get_class_from_dynamic_module
    return get_class_in_module(class_name, final_module, force_reload=force_download)
  File "/home/yuexing/miniconda/lib/python3.13/site-packages/transformers/dynamic_module_utils.py", line 309, in get_class_in_module
    module_spec.loader.exec_module(module)
    ~~~~~~~~~~~~~~~~~~~~~~~~~~~~~~^^^^^^^^
  File "<frozen importlib._bootstrap_external>", line 1026, in exec_module
  File "<frozen importlib._bootstrap>", line 488, in _call_with_frames_removed
  File "/orcd/compute/mghassem/001/gobi1/huggingface/modules/transformers_modules/microsoft/Phi_hyphen_4_hyphen_mini_hyphen_instruct/cfbefacb99257ffa30c83adab238a50856ac3083/modeling_phi3.py", line 24, in <module>
    from transformers.cache_utils import Cache, DynamicCache, SlidingWindowCache, StaticCache
ImportError: cannot import name 'SlidingWindowCache' from 'transformers.cache_utils' (/home/yuexing/miniconda/lib/python3.13/site-packages/transformers/cache_utils.py)

=== Step 2: Evaluating on WebArena ===
============================================================
Model: microsoft/Phi-4-mini-instruct
Dataset: WebArena
Max conversations: 200
============================================================
Loading tokenizer for microsoft/Phi-4-mini-instruct...
This model config has set a `rope_parameters['original_max_position_embeddings']` field, to be used together with `max_position_embeddings` to determine a scaling factor. Please set the `factor` field of `rope_parameters`with this ratio instead -- we recommend the use of this field over `original_max_position_embeddings`, as it is compatible with most model architectures.
Loading model (4-bit): microsoft/Phi-4-mini-instruct...
`torch_dtype` is deprecated! Use `dtype` instead!
Traceback (most recent call last):
  File "<frozen runpy>", line 198, in _run_module_as_main
  File "<frozen runpy>", line 88, in _run_code
  File "/orcd/home/002/yuexing/CUA2026/interaskill/eval_model.py", line 359, in <module>
    main()
    ~~~~^^
  File "/orcd/home/002/yuexing/CUA2026/interaskill/eval_model.py", line 213, in main
    model, tokenizer = load_model_and_tokenizer(args.model, args.adapter)
                       ~~~~~~~~~~~~~~~~~~~~~~~~^^^^^^^^^^^^^^^^^^^^^^^^^^
  File "/orcd/home/002/yuexing/CUA2026/interaskill/eval_model.py", line 80, in load_model_and_tokenizer
    model = AutoModelForCausalLM.from_pretrained(
        model_name,
    ...<3 lines>...
        torch_dtype=torch.bfloat16,
    )
  File "/home/yuexing/miniconda/lib/python3.13/site-packages/transformers/models/auto/auto_factory.py", line 369, in from_pretrained
    model_class = get_class_from_dynamic_module(
        class_ref, pretrained_model_name_or_path, code_revision=code_revision, **hub_kwargs, **kwargs
    )
  File "/home/yuexing/miniconda/lib/python3.13/site-packages/transformers/dynamic_module_utils.py", line 583, in get_class_from_dynamic_module
    return get_class_in_module(class_name, final_module, force_reload=force_download)
  File "/home/yuexing/miniconda/lib/python3.13/site-packages/transformers/dynamic_module_utils.py", line 309, in get_class_in_module
    module_spec.loader.exec_module(module)
    ~~~~~~~~~~~~~~~~~~~~~~~~~~~~~~^^^^^^^^
  File "<frozen importlib._bootstrap_external>", line 1026, in exec_module
  File "<frozen importlib._bootstrap>", line 488, in _call_with_frames_removed
  File "/orcd/compute/mghassem/001/gobi1/huggingface/modules/transformers_modules/microsoft/Phi_hyphen_4_hyphen_mini_hyphen_instruct/cfbefacb99257ffa30c83adab238a50856ac3083/modeling_phi3.py", line 24, in <module>
    from transformers.cache_utils import Cache, DynamicCache, SlidingWindowCache, StaticCache
ImportError: cannot import name 'SlidingWindowCache' from 'transformers.cache_utils' (/home/yuexing/miniconda/lib/python3.13/site-packages/transformers/cache_utils.py)

=== Done ===
Date: Sun Apr  5 17:31:16 EDT 2026

=== Results Summary ===
IW:

WebArena:
