=== Gemma-4-31B-IT: Skill Prediction Evaluation ===
Node: node3802
GPUs: NVIDIA RTX A6000, 49140 MiB
NVIDIA RTX A6000, 49140 MiB
Date: Sun Apr  5 16:32:14 EDT 2026

=== Step 1: Evaluating on IW ===
============================================================
Model: google/gemma-4-31B-it
Dataset: IW (Fabricated)
Max conversations: 50
============================================================
Loading tokenizer for google/gemma-4-31B-it...
Traceback (most recent call last):
  File "/home/yuexing/miniconda/lib/python3.13/site-packages/transformers/tokenization_utils_base.py", line 2302, in _from_pretrained
    tokenizer = cls(*init_inputs, **init_kwargs)
  File "/home/yuexing/miniconda/lib/python3.13/site-packages/transformers/models/gemma/tokenization_gemma_fast.py", line 103, in __init__
    super().__init__(
    ~~~~~~~~~~~~~~~~^
        vocab_file=vocab_file,
        ^^^^^^^^^^^^^^^^^^^^^^
    ...<8 lines>...
        **kwargs,
        ^^^^^^^^^
    )
    ^
  File "/home/yuexing/miniconda/lib/python3.13/site-packages/transformers/tokenization_utils_fast.py", line 178, in __init__
    super().__init__(**kwargs)
    ~~~~~~~~~~~~~~~~^^^^^^^^^^
  File "/home/yuexing/miniconda/lib/python3.13/site-packages/transformers/tokenization_utils_base.py", line 1452, in __init__
    self._set_model_specific_special_tokens(special_tokens=self.extra_special_tokens)
    ~~~~~~~~~~~~~~~~~~~~~~~~~~~~~~~~~~~~~~~^^^^^^^^^^^^^^^^^^^^^^^^^^^^^^^^^^^^^^^^^^
  File "/home/yuexing/miniconda/lib/python3.13/site-packages/transformers/tokenization_utils_base.py", line 1190, in _set_model_specific_special_tokens
    self.SPECIAL_TOKENS_ATTRIBUTES = self.SPECIAL_TOKENS_ATTRIBUTES + list(special_tokens.keys())
                                                                           ^^^^^^^^^^^^^^^^^^^
AttributeError: 'list' object has no attribute 'keys'

During handling of the above exception, another exception occurred:

Traceback (most recent call last):
  File "<frozen runpy>", line 198, in _run_module_as_main
  File "<frozen runpy>", line 88, in _run_code
  File "/orcd/home/002/yuexing/CUA2026/interaskill/eval_model.py", line 346, in <module>
    main()
    ~~~~^^
  File "/orcd/home/002/yuexing/CUA2026/interaskill/eval_model.py", line 200, in main
    model, tokenizer = load_model_and_tokenizer(args.model, args.adapter)
                       ~~~~~~~~~~~~~~~~~~~~~~~~^^^^^^^^^^^^^^^^^^^^^^^^^^
  File "/orcd/home/002/yuexing/CUA2026/interaskill/eval_model.py", line 73, in load_model_and_tokenizer
    tokenizer = AutoTokenizer.from_pretrained(
        adapter_path or model_name, trust_remote_code=True
    )
  File "/home/yuexing/miniconda/lib/python3.13/site-packages/transformers/models/auto/tokenization_auto.py", line 1009, in from_pretrained
    return tokenizer_class.from_pretrained(pretrained_model_name_or_path, *inputs, **kwargs)
           ~~~~~~~~~~~~~~~~~~~~~~~~~~~~~~~^^^^^^^^^^^^^^^^^^^^^^^^^^^^^^^^^^^^^^^^^^^^^^^^^^
  File "/home/yuexing/miniconda/lib/python3.13/site-packages/transformers/tokenization_utils_base.py", line 2062, in from_pretrained
    return cls._from_pretrained(
           ~~~~~~~~~~~~~~~~~~~~^
        resolved_vocab_files,
        ^^^^^^^^^^^^^^^^^^^^^
    ...<9 lines>...
        **kwargs,
        ^^^^^^^^^
    )
    ^
  File "/home/yuexing/miniconda/lib/python3.13/site-packages/transformers/tokenization_utils_base.py", line 2303, in _from_pretrained
    except import_protobuf_decode_error():
           ~~~~~~~~~~~~~~~~~~~~~~~~~~~~^^
  File "/home/yuexing/miniconda/lib/python3.13/site-packages/transformers/tokenization_utils_base.py", line 87, in import_protobuf_decode_error
    raise ImportError(PROTOBUF_IMPORT_ERROR.format(error_message))
ImportError: 
 requires the protobuf library but it was not found in your environment. Checkout the instructions on the
installation page of its repo: https://github.com/protocolbuffers/protobuf/tree/master/python#installation and follow the ones
that match your environment. Please note that you may need to restart your runtime after installation.


=== Step 2: Evaluating on WebArena ===
============================================================
Model: google/gemma-4-31B-it
Dataset: WebArena
Max conversations: 200
============================================================
Loading tokenizer for google/gemma-4-31B-it...
Traceback (most recent call last):
  File "/home/yuexing/miniconda/lib/python3.13/site-packages/transformers/tokenization_utils_base.py", line 2302, in _from_pretrained
    tokenizer = cls(*init_inputs, **init_kwargs)
  File "/home/yuexing/miniconda/lib/python3.13/site-packages/transformers/models/gemma/tokenization_gemma_fast.py", line 103, in __init__
    super().__init__(
    ~~~~~~~~~~~~~~~~^
        vocab_file=vocab_file,
        ^^^^^^^^^^^^^^^^^^^^^^
    ...<8 lines>...
        **kwargs,
        ^^^^^^^^^
    )
    ^
  File "/home/yuexing/miniconda/lib/python3.13/site-packages/transformers/tokenization_utils_fast.py", line 178, in __init__
    super().__init__(**kwargs)
    ~~~~~~~~~~~~~~~~^^^^^^^^^^
  File "/home/yuexing/miniconda/lib/python3.13/site-packages/transformers/tokenization_utils_base.py", line 1452, in __init__
    self._set_model_specific_special_tokens(special_tokens=self.extra_special_tokens)
    ~~~~~~~~~~~~~~~~~~~~~~~~~~~~~~~~~~~~~~~^^^^^^^^^^^^^^^^^^^^^^^^^^^^^^^^^^^^^^^^^^
  File "/home/yuexing/miniconda/lib/python3.13/site-packages/transformers/tokenization_utils_base.py", line 1190, in _set_model_specific_special_tokens
    self.SPECIAL_TOKENS_ATTRIBUTES = self.SPECIAL_TOKENS_ATTRIBUTES + list(special_tokens.keys())
                                                                           ^^^^^^^^^^^^^^^^^^^
AttributeError: 'list' object has no attribute 'keys'

During handling of the above exception, another exception occurred:

Traceback (most recent call last):
  File "<frozen runpy>", line 198, in _run_module_as_main
  File "<frozen runpy>", line 88, in _run_code
  File "/orcd/home/002/yuexing/CUA2026/interaskill/eval_model.py", line 346, in <module>
    main()
    ~~~~^^
  File "/orcd/home/002/yuexing/CUA2026/interaskill/eval_model.py", line 200, in main
    model, tokenizer = load_model_and_tokenizer(args.model, args.adapter)
                       ~~~~~~~~~~~~~~~~~~~~~~~~^^^^^^^^^^^^^^^^^^^^^^^^^^
  File "/orcd/home/002/yuexing/CUA2026/interaskill/eval_model.py", line 73, in load_model_and_tokenizer
    tokenizer = AutoTokenizer.from_pretrained(
        adapter_path or model_name, trust_remote_code=True
    )
  File "/home/yuexing/miniconda/lib/python3.13/site-packages/transformers/models/auto/tokenization_auto.py", line 1009, in from_pretrained
    return tokenizer_class.from_pretrained(pretrained_model_name_or_path, *inputs, **kwargs)
           ~~~~~~~~~~~~~~~~~~~~~~~~~~~~~~~^^^^^^^^^^^^^^^^^^^^^^^^^^^^^^^^^^^^^^^^^^^^^^^^^^
  File "/home/yuexing/miniconda/lib/python3.13/site-packages/transformers/tokenization_utils_base.py", line 2062, in from_pretrained
    return cls._from_pretrained(
           ~~~~~~~~~~~~~~~~~~~~^
        resolved_vocab_files,
        ^^^^^^^^^^^^^^^^^^^^^
    ...<9 lines>...
        **kwargs,
        ^^^^^^^^^
    )
    ^
  File "/home/yuexing/miniconda/lib/python3.13/site-packages/transformers/tokenization_utils_base.py", line 2303, in _from_pretrained
    except import_protobuf_decode_error():
           ~~~~~~~~~~~~~~~~~~~~~~~~~~~~^^
  File "/home/yuexing/miniconda/lib/python3.13/site-packages/transformers/tokenization_utils_base.py", line 87, in import_protobuf_decode_error
    raise ImportError(PROTOBUF_IMPORT_ERROR.format(error_message))
ImportError: 
 requires the protobuf library but it was not found in your environment. Checkout the instructions on the
installation page of its repo: https://github.com/protocolbuffers/protobuf/tree/master/python#installation and follow the ones
that match your environment. Please note that you may need to restart your runtime after installation.


=== Done ===
Date: Sun Apr  5 16:32:56 EDT 2026

=== Results Summary ===
IW:

WebArena:
