=== Pulling WebArena-Verified Images ===
Node: node3803 | Date: Sat Apr 11 19:59:10 EDT 2026
Apptainer: apptainer version 1.1.9

[SKIP] wikipedia — already exists (43M)
[PULL] map from docker://am1n3e/webarena-verified-map ...
INFO:    Converting OCI blobs to SIF format
INFO:    Starting build...
Getting image source signatures
Copying blob sha256:ea4460316a6a440cb3691a62ceab54eb96c50869b38d190b240ca696cfd5c762
Copying blob sha256:cee0009d2506db5a3c53626a7afc4943a91ca08edeb1e737b0944d9f71968359
Copying blob sha256:4a2ada796bb0df11c198c4fc1dac4908b20878a7ddea8fb2d31e58020505989b
Copying blob sha256:2a165f916e8b0d7ccd4e0f987f2baa5711d6879f7319a5710e89bc7476865248
Copying blob sha256:4f4fb700ef54461cfa02571ae0db9a0dc1e0cdb5577484a6d75e68dc38e8acc1
Copying blob sha256:9d19ee268e0d7bcf6716e6658ee1b0384a71d6f2f9aa1ae2085610cf7c7b316f
Copying blob sha256:420756daa69f10afee7a53e6133850a29013406fa0fa175ed7497d3d40c72c97
Copying blob sha256:925dc27b9af685b178c76abea5e8ebd9265f81c654a7fff3d5defb7b2cb9fa4e
Copying blob sha256:91d0443e64ca8462fc68df12422be8d113a2fcfee7a5c4cd0a204134f3c8c2b8
Copying blob sha256:8f0b9315bbd3b28eec88675943caf408d1de66f1e0e5cee01720d9aae0f0575b
Copying blob sha256:102e4b0d86051c66079e812a242a2e5d7e7f4df5017188ab535a3ba72563a64e
Copying blob sha256:bfd7c6a0910d8c4cd43a2b39f0b136d2a79b2f118c99f422fbbc28c8e90250e6
Copying blob sha256:89090a26035422f81bdda33cac838d5209a9e8f4493c5552fb08d39c687e7f65
Copying blob sha256:e96dfcd34cf592569f32e116563606a773860e678b2ee608936f70bb52cbaab5
Copying blob sha256:e663bb5a532dfc6ad56399cbba1ebb82320f4c9caf82204f966a75050e4d9d0d
Copying blob sha256:6562c4fc0e52237c48ca57dc132c79109fa528581fe32e85ad1b4a768f435f5f
Copying blob sha256:4d875d38ff841fb4728e9193edc20e5886af993e40a6d8543bb1c24bb266fe33
Copying blob sha256:6a3e60b8a638f64cacf228e726c16358a41051eb44a9f373533ad134063a3aab
Copying blob sha256:b1d3dfa099bc969dfe6bca3b3ccb6eb2bb884d3620ba10af54be9d3c59a232b5
Copying blob sha256:182f1ffcbf4e2d21c7dd91232ed910dca66bfa3415fd39bc1a318709067dfa5c
Copying blob sha256:083cd6aee5a360a982c6950231def234693a5cf7bf1470e62ae521ad62e81731
Copying blob sha256:390b1346e08023c3b0e66fb90a044966be0cf8cbea769fdcdafecd82cda9f2f9
Copying blob sha256:b56954d043d62fef43f14d792c82ac5cfdb26e3d17d98c11870a43a64b3a2bce
Copying blob sha256:afb02bbf44523895cbea70ee35e1585dabba4340b9bf01e18b1c15da762f1400
Copying blob sha256:755f0da9297bec8b94b04aa73e2bc3d3717c342d4281d940dbcb386cf01521d5
Copying blob sha256:651981608fea2d796a53dcb690cd66cecc5ca7395fd699aa37ebf3811ae23618
Copying blob sha256:2b18dfa9935bf85b6bfba380b6caa57c626f0186e6c0d18daa774d5f0b730eba
Copying blob sha256:27421bf7702453c992d95628a8fc656c7868a7678904d7fa2520fc0d1cc7f4e3
Copying blob sha256:3bcfb4b68809ccb7ebce78afd5a39aa322ac7f0315c25c312a8ae99104329eda
Copying blob sha256:7f16971a85fe78d5fd868c4992dbfae27577e6ee3c7c1584cd7264120855b8c8
Copying blob sha256:e6db8edcf0b773e685155d3662d80ef0fcfcaf695103017d92bbae11077e3980
Copying blob sha256:0849c8aed4dfd75b4bdf8ed82f9cf687752add150c5f9f51feb2bdf56c9b103b
Copying blob sha256:5df3c8dc843331a6301253d4a709dddb7dc947eb18f1c2173f4f2c14d26934b3
Copying blob sha256:eafc21c62a2c5a7f744f0fafd890f3581a2f76faae7fb69995f8fdc401073005
Copying blob sha256:05657a7752d53dba23d06b10ad6aba8bfaaddbcf3871b04ba3525bbcae6debc7
Copying blob sha256:20383d66a16e8e6a42a0babed70e11045f44abf39d7b42b2d26f74430f1115d4
Copying blob sha256:e1d2f6d3a1586f8dcb41f1df7d577589826e4d4479f5a5f5dfde84fc01bb6c93
Copying blob sha256:3def62206c329c2c85caedd7adbfe21e4e6135c62e52f14cef48936de80d51a8
Copying blob sha256:c7e1556fd5f4408a1fe0ae58348c09251e32dfaeaa22750ef22414404c86b7a7
Copying blob sha256:2db1e747e5f5f4f295055f302e1e8c243daf5ab5b979d536bf02be31dc6b3bed
Copying blob sha256:4f4fb700ef54461cfa02571ae0db9a0dc1e0cdb5577484a6d75e68dc38e8acc1
Copying blob sha256:5237d4ce3c3d019d5176c3bdbef8dc913cf8efb75044f20836990a244966e6fe
Copying blob sha256:03a010179f93dcb5bc5fc371543c646988192fb0560fcf236cda5a906f90434c
Copying blob sha256:c3b942cd6ab6bc8d6162094d58a6ca169c3be2f32bb62bf290e09c935637b443
Copying blob sha256:c241a47fa1f6263e1e91a29d1042ebf251986cd9ca692e5b75d0aed1d85085de
Copying blob sha256:c499a3ae2c11f775300d249312b9df02f358a8940f869c1dcddbe6a59e5b16bc
Copying blob sha256:4a2360384b23798dd46358b8e5573f558eac814e0dd89efa5f4de9f9df1d5918
Copying blob sha256:b62335e80fef494e3ff5ed958fdccd0255499e282bdab0dc435dc34410ec75c1
Copying blob sha256:c7273876b0fbf9cba2d048850aef3fd6543cb60fecf354f4fb6fb2b6c76fb84f
Copying blob sha256:4f4fb700ef54461cfa02571ae0db9a0dc1e0cdb5577484a6d75e68dc38e8acc1
Copying blob sha256:728ebb9b7dd62d96d0cea8417282c6bcc438cf7fbb87fe19dd47b3bd4a75e13e
Copying blob sha256:21830aba0be29fd2158b9271d281ad92893f3920518bf593dce6a5a65df80248
Copying blob sha256:566b558dc9781cfb91676ffff83a15edeaf2d1af646d19b2c8fbf3dbd2ccfe25
Copying blob sha256:5df568105cd87fe37385b137f262c10d009468080369bffbb69ec8699c7db0be
Copying blob sha256:bd86d08e4c8018982f638d55388650d91f1d020d7cca51d381ed914006f39e67
Copying blob sha256:5634473002be32282f7f379b32d08a2e4402c04380a3ca8d5c79dad84815aa49
Copying config sha256:59eac983589a86b77c5c65e5a0b72360fbc723703f7c628415eaa55a42f08156
Writing manifest to image destination
Storing signatures
2026/04/11 19:59:22  info unpack layer: sha256:9d19ee268e0d7bcf6716e6658ee1b0384a71d6f2f9aa1ae2085610cf7c7b316f
2026/04/11 19:59:22  info unpack layer: sha256:2a165f916e8b0d7ccd4e0f987f2baa5711d6879f7319a5710e89bc7476865248
2026/04/11 19:59:27  warn rootless{usr/lib/x86_64-linux-gnu/gstreamer1.0/gstreamer-1.0/gst-ptp-helper} ignoring (usually) harmless EPERM on setxattr "security.capability"
2026/04/11 19:59:30  info unpack layer: sha256:cee0009d2506db5a3c53626a7afc4943a91ca08edeb1e737b0944d9f71968359
2026/04/11 19:59:31  info unpack layer: sha256:4a2ada796bb0df11c198c4fc1dac4908b20878a7ddea8fb2d31e58020505989b
2026/04/11 19:59:31  info unpack layer: sha256:4f4fb700ef54461cfa02571ae0db9a0dc1e0cdb5577484a6d75e68dc38e8acc1
2026/04/11 19:59:31  info unpack layer: sha256:ea4460316a6a440cb3691a62ceab54eb96c50869b38d190b240ca696cfd5c762
2026/04/11 19:59:31  info unpack layer: sha256:420756daa69f10afee7a53e6133850a29013406fa0fa175ed7497d3d40c72c97
2026/04/11 19:59:33  info unpack layer: sha256:925dc27b9af685b178c76abea5e8ebd9265f81c654a7fff3d5defb7b2cb9fa4e
2026/04/11 19:59:33  info unpack layer: sha256:91d0443e64ca8462fc68df12422be8d113a2fcfee7a5c4cd0a204134f3c8c2b8
2026/04/11 19:59:33  info unpack layer: sha256:8f0b9315bbd3b28eec88675943caf408d1de66f1e0e5cee01720d9aae0f0575b
2026/04/11 19:59:33  info unpack layer: sha256:102e4b0d86051c66079e812a242a2e5d7e7f4df5017188ab535a3ba72563a64e
2026/04/11 19:59:33  info unpack layer: sha256:bfd7c6a0910d8c4cd43a2b39f0b136d2a79b2f118c99f422fbbc28c8e90250e6
2026/04/11 19:59:37  info unpack layer: sha256:89090a26035422f81bdda33cac838d5209a9e8f4493c5552fb08d39c687e7f65
2026/04/11 19:59:37  info unpack layer: sha256:e96dfcd34cf592569f32e116563606a773860e678b2ee608936f70bb52cbaab5
2026/04/11 19:59:37  info unpack layer: sha256:e663bb5a532dfc6ad56399cbba1ebb82320f4c9caf82204f966a75050e4d9d0d
2026/04/11 19:59:37  info unpack layer: sha256:6562c4fc0e52237c48ca57dc132c79109fa528581fe32e85ad1b4a768f435f5f
2026/04/11 19:59:37  info unpack layer: sha256:4d875d38ff841fb4728e9193edc20e5886af993e40a6d8543bb1c24bb266fe33
2026/04/11 19:59:37  info unpack layer: sha256:6a3e60b8a638f64cacf228e726c16358a41051eb44a9f373533ad134063a3aab
2026/04/11 19:59:38  info unpack layer: sha256:b1d3dfa099bc969dfe6bca3b3ccb6eb2bb884d3620ba10af54be9d3c59a232b5
2026/04/11 19:59:38  info unpack layer: sha256:182f1ffcbf4e2d21c7dd91232ed910dca66bfa3415fd39bc1a318709067dfa5c
2026/04/11 19:59:38  info unpack layer: sha256:083cd6aee5a360a982c6950231def234693a5cf7bf1470e62ae521ad62e81731
2026/04/11 19:59:38  info unpack layer: sha256:390b1346e08023c3b0e66fb90a044966be0cf8cbea769fdcdafecd82cda9f2f9
2026/04/11 19:59:38  info unpack layer: sha256:b56954d043d62fef43f14d792c82ac5cfdb26e3d17d98c11870a43a64b3a2bce
2026/04/11 19:59:38  info unpack layer: sha256:afb02bbf44523895cbea70ee35e1585dabba4340b9bf01e18b1c15da762f1400
2026/04/11 19:59:38  info unpack layer: sha256:755f0da9297bec8b94b04aa73e2bc3d3717c342d4281d940dbcb386cf01521d5
2026/04/11 19:59:38  info unpack layer: sha256:651981608fea2d796a53dcb690cd66cecc5ca7395fd699aa37ebf3811ae23618
2026/04/11 19:59:38  info unpack layer: sha256:2b18dfa9935bf85b6bfba380b6caa57c626f0186e6c0d18daa774d5f0b730eba
2026/04/11 19:59:38  info unpack layer: sha256:27421bf7702453c992d95628a8fc656c7868a7678904d7fa2520fc0d1cc7f4e3
2026/04/11 19:59:38  info unpack layer: sha256:3bcfb4b68809ccb7ebce78afd5a39aa322ac7f0315c25c312a8ae99104329eda
2026/04/11 19:59:39  info unpack layer: sha256:7f16971a85fe78d5fd868c4992dbfae27577e6ee3c7c1584cd7264120855b8c8
2026/04/11 19:59:39  info unpack layer: sha256:e6db8edcf0b773e685155d3662d80ef0fcfcaf695103017d92bbae11077e3980
2026/04/11 19:59:39  info unpack layer: sha256:0849c8aed4dfd75b4bdf8ed82f9cf687752add150c5f9f51feb2bdf56c9b103b
2026/04/11 19:59:39  info unpack layer: sha256:5df3c8dc843331a6301253d4a709dddb7dc947eb18f1c2173f4f2c14d26934b3
2026/04/11 19:59:39  info unpack layer: sha256:eafc21c62a2c5a7f744f0fafd890f3581a2f76faae7fb69995f8fdc401073005
2026/04/11 19:59:39  info unpack layer: sha256:05657a7752d53dba23d06b10ad6aba8bfaaddbcf3871b04ba3525bbcae6debc7
2026/04/11 19:59:39  info unpack layer: sha256:20383d66a16e8e6a42a0babed70e11045f44abf39d7b42b2d26f74430f1115d4
2026/04/11 19:59:39  info unpack layer: sha256:e1d2f6d3a1586f8dcb41f1df7d577589826e4d4479f5a5f5dfde84fc01bb6c93
2026/04/11 19:59:39  info unpack layer: sha256:3def62206c329c2c85caedd7adbfe21e4e6135c62e52f14cef48936de80d51a8
2026/04/11 19:59:39  info unpack layer: sha256:c7e1556fd5f4408a1fe0ae58348c09251e32dfaeaa22750ef22414404c86b7a7
2026/04/11 19:59:39  info unpack layer: sha256:2db1e747e5f5f4f295055f302e1e8c243daf5ab5b979d536bf02be31dc6b3bed
2026/04/11 19:59:40  info unpack layer: sha256:4f4fb700ef54461cfa02571ae0db9a0dc1e0cdb5577484a6d75e68dc38e8acc1
2026/04/11 19:59:40  info unpack layer: sha256:5237d4ce3c3d019d5176c3bdbef8dc913cf8efb75044f20836990a244966e6fe
2026/04/11 19:59:40  info unpack layer: sha256:03a010179f93dcb5bc5fc371543c646988192fb0560fcf236cda5a906f90434c
2026/04/11 19:59:40  info unpack layer: sha256:c3b942cd6ab6bc8d6162094d58a6ca169c3be2f32bb62bf290e09c935637b443
2026/04/11 19:59:40  info unpack layer: sha256:c241a47fa1f6263e1e91a29d1042ebf251986cd9ca692e5b75d0aed1d85085de
2026/04/11 19:59:40  info unpack layer: sha256:c499a3ae2c11f775300d249312b9df02f358a8940f869c1dcddbe6a59e5b16bc
2026/04/11 19:59:40  info unpack layer: sha256:4a2360384b23798dd46358b8e5573f558eac814e0dd89efa5f4de9f9df1d5918
2026/04/11 19:59:40  info unpack layer: sha256:b62335e80fef494e3ff5ed958fdccd0255499e282bdab0dc435dc34410ec75c1
2026/04/11 19:59:41  info unpack layer: sha256:c7273876b0fbf9cba2d048850aef3fd6543cb60fecf354f4fb6fb2b6c76fb84f
2026/04/11 19:59:41  info unpack layer: sha256:4f4fb700ef54461cfa02571ae0db9a0dc1e0cdb5577484a6d75e68dc38e8acc1
2026/04/11 19:59:41  info unpack layer: sha256:728ebb9b7dd62d96d0cea8417282c6bcc438cf7fbb87fe19dd47b3bd4a75e13e
2026/04/11 19:59:41  info unpack layer: sha256:21830aba0be29fd2158b9271d281ad92893f3920518bf593dce6a5a65df80248
2026/04/11 19:59:41  info unpack layer: sha256:566b558dc9781cfb91676ffff83a15edeaf2d1af646d19b2c8fbf3dbd2ccfe25
2026/04/11 19:59:41  info unpack layer: sha256:5df568105cd87fe37385b137f262c10d009468080369bffbb69ec8699c7db0be
2026/04/11 19:59:41  info unpack layer: sha256:bd86d08e4c8018982f638d55388650d91f1d020d7cca51d381ed914006f39e67
2026/04/11 19:59:41  info unpack layer: sha256:5634473002be32282f7f379b32d08a2e4402c04380a3ca8d5c79dad84815aa49
INFO:    Creating SIF file...
  -> OK: /orcd/home/002/yuexing/CUA2026/containers/webarena_map.sif (1.1G)

[PULL] shopping from docker://am1n3e/webarena-verified-shopping ...
INFO:    Converting OCI blobs to SIF format
INFO:    Starting build...
Getting image source signatures
Copying blob sha256:e7aabb51d2b1ffd9874e37c82fb1291932395bb1b8505176affae5f9d5de9805
Copying blob sha256:b055823521cbe3f1a91a9c437de6ab9237b6bddb4fe6c9e2ea619e1df929d8a4
Copying blob sha256:eb7578cf2e0d0635fa529bcb26f6512abbb45b1838e39aa4a23b3d4afc020f5a
Copying blob sha256:4f4fb700ef54461cfa02571ae0db9a0dc1e0cdb5577484a6d75e68dc38e8acc1
Copying blob sha256:c65b6d59765c287e6f6d5baf71dc3c6ae9c812c9b3a8b4beb392625402b72ae8
Copying blob sha256:673a2d1870a6353c16f4f19a243b5c77d0793168036ad2757d92ad6a9500a4ef
Copying blob sha256:11937473430db8672b46a19359c3cd08639271782449876e568ee5d6c00f4acd
Copying blob sha256:de55a3f5673d6a39d5a36000ed28f6dd93e79c58c9aa419b5fa764ecbb3c6e59
[2026-04-11T20:00:54.007] error: *** JOB 11696071 ON node3803 CANCELLED AT 2026-04-11T20:00:54 DUE to SIGNAL Terminated ***
